::1 - - [22/Jan/2024:09:29:57 +0000] "GET / HTTP/1.1" 200 -
::1 - - [22/Jan/2024:09:29:57 +0000] "GET /vercel.svg HTTP/1.1" 304 -
::1 - - [22/Jan/2024:09:29:57 +0000] "GET /next.svg HTTP/1.1" 304 -
::1 - - [22/Jan/2024:09:29:57 +0000] "GET /_next/static/css/app/layout.css?v=1705915797351 HTTP/1.1" 200 -
::1 - - [22/Jan/2024:09:29:57 +0000] "GET /_next/static/css/app/(Marketing)/page.css?v=1705915797351 HTTP/1.1" 200 -
::1 - - [22/Jan/2024:09:29:57 +0000] "GET /_next/static/chunks/webpack.js?v=1705915797351 HTTP/1.1" 200 -
::1 - - [22/Jan/2024:09:29:57 +0000] "GET /_next/static/chunks/app-pages-internals.js HTTP/1.1" 200 -
::1 - - [22/Jan/2024:09:29:57 +0000] "GET /_next/static/chunks/app/layout.js HTTP/1.1" 200 -
::1 - - [22/Jan/2024:09:29:57 +0000] "GET /_next/static/chunks/app/(Marketing)/page.js HTTP/1.1" 200 -
::1 - - [22/Jan/2024:09:29:57 +0000] "GET /_next/static/chunks/main-app.js?v=1705915797351 HTTP/1.1" 200 -
::1 - - [22/Jan/2024:09:29:58 +0000] "GET /favicon.ico HTTP/1.1" 200 -
::1 - - [22/Jan/2024:09:30:02 +0000] "GET / HTTP/1.1" 200 -
::1 - - [22/Jan/2024:09:30:02 +0000] "GET /vercel.svg HTTP/1.1" 304 -
::1 - - [22/Jan/2024:09:30:02 +0000] "GET /next.svg HTTP/1.1" 304 -
::1 - - [22/Jan/2024:09:30:02 +0000] "GET /_next/static/css/app/layout.css?v=1705915802149 HTTP/1.1" 200 -
::1 - - [22/Jan/2024:09:30:02 +0000] "GET /_next/static/css/app/(Marketing)/page.css?v=1705915802149 HTTP/1.1" 200 -
::1 - - [22/Jan/2024:09:30:02 +0000] "GET /_next/static/chunks/webpack.js?v=1705915802149 HTTP/1.1" 200 -
::1 - - [22/Jan/2024:09:30:02 +0000] "GET /_next/static/chunks/app-pages-internals.js HTTP/1.1" 200 -
::1 - - [22/Jan/2024:09:30:02 +0000] "GET /_next/static/chunks/app/layout.js HTTP/1.1" 200 -
::1 - - [22/Jan/2024:09:30:02 +0000] "GET /_next/static/chunks/app/(Marketing)/page.js HTTP/1.1" 200 -
::1 - - [22/Jan/2024:09:30:02 +0000] "GET /_next/static/chunks/main-app.js?v=1705915802149 HTTP/1.1" 200 -
::1 - - [22/Jan/2024:09:30:02 +0000] "GET /favicon.ico HTTP/1.1" 200 -
